<?xml version="1.0" encoding="UTF-8"?>
<!-- Generated by org.testng.reporters.JUnitXMLReporter -->
<testsuite ignored="9" hostname="DESKTOP-8QQ1PFE" failures="0" tests="1" name="Default test" time="10.623" errors="0" timestamp="2025-01-06T23:11:50 EET">
  <testcase classname="Practicing" name="Table" time="0.318"/>
  <testcase classname="Practicing" name="FifthTest" time="0.0">
    <ignored/>
  </testcase> <!-- FifthTest -->
  <testcase classname="Practicing" name="Tabs" time="0.0">
    <ignored/>
  </testcase> <!-- Tabs -->
  <testcase classname="Practicing" name="SixthTest" time="0.0">
    <ignored/>
  </testcase> <!-- SixthTest -->
  <testcase classname="Practicing" name="windows" time="0.0">
    <ignored/>
  </testcase> <!-- windows -->
  <testcase classname="Practicing" name="FirstTest" time="0.0">
    <ignored/>
  </testcase> <!-- FirstTest -->
  <testcase classname="Practicing" name="FourthTest" time="0.0">
    <ignored/>
  </testcase> <!-- FourthTest -->
  <testcase classname="Practicing" name="SeventhTest" time="0.0">
    <ignored/>
  </testcase> <!-- SeventhTest -->
  <testcase classname="Practicing" name="SecondTest" time="0.0">
    <ignored/>
  </testcase> <!-- SecondTest -->
  <testcase classname="Practicing" name="ThirdTest" time="0.0">
    <ignored/>
  </testcase> <!-- ThirdTest -->
</testsuite> <!-- Default test -->
