<?xml version="1.0" encoding="UTF-8"?>
<testng-results ignored="9" total="10" passed="1" failed="0" skipped="0">
  <reporter-output>
  </reporter-output>
  <suite started-at="2025-01-06T23:11:39 EET" name="Default suite" finished-at="2025-01-06T23:11:50 EET" duration-ms="10623">
    <groups>
    </groups>
    <test started-at="2025-01-06T23:11:39 EET" name="Default test" finished-at="2025-01-06T23:11:50 EET" duration-ms="10623">
      <class name="Practicing">
        <test-method is-config="true" signature="Setup()[pri:0, instance:Practicing@1cdc4c27]" started-at="2025-01-06T23:11:39 EET" name="Setup" finished-at="2025-01-06T23:11:49 EET" duration-ms="10275" status="PASS">
          <reporter-output>
          </reporter-output>
        </test-method> <!-- Setup -->
        <test-method signature="Table()[pri:10, instance:Practicing@1cdc4c27]" started-at="2025-01-06T23:11:49 EET" name="Table" description="table" finished-at="2025-01-06T23:11:50 EET" duration-ms="318" status="PASS">
          <reporter-output>
          </reporter-output>
        </test-method> <!-- Table -->
        <test-method is-config="true" signature="PostTest()[pri:0, instance:Practicing@1cdc4c27]" started-at="2025-01-06T23:11:50 EET" name="PostTest" finished-at="2025-01-06T23:11:50 EET" duration-ms="0" status="PASS">
          <reporter-output>
          </reporter-output>
        </test-method> <!-- PostTest -->
      </class> <!-- Practicing -->
    </test> <!-- Default test -->
  </suite> <!-- Default suite -->
</testng-results>
